# JRE version: OpenJDK Runtime Environment Temurin-21.0.6+7 (21.0.6+7) (build 21.0.6+7-LTS)
# Java VM: OpenJDK 64-Bit Server VM Temurin-21.0.6+7 (21.0.6+7-LTS, mixed mode, sharing, tiered, compressed oops, compressed class ptrs, parallel gc, windows-amd64)
GC Precious Log:
 CardTable entry size: 512
 CPUs: 8 total, 8 available
 Memory: 7881M
 Large Page Support: Disabled
 NUMA Support: Disabled
 Compressed Oops: Enabled (32-bit)
 Alignments: Space 512K, Generation 512K, Heap 2M
 Heap Min Capacity: 100M
 Heap Initial Capacity: 100M
 Heap Max Capacity: 1G
 Pre-touch: Disabled
 Parallel Workers: 8
Heap:
 PSYoungGen      total 47104K, used 32596K [0x00000000eab00000, 0x00000000ee800000, 0x0000000100000000)
  eden space 45056K, 68% used [0x00000000eab00000,0x00000000ec8f3dc0,0x00000000ed700000)
  from space 2048K, 93% used [0x00000000ed800000,0x00000000ed9e1250,0x00000000eda00000)
  to   space 7168K, 0% used [0x00000000ee100000,0x00000000ee100000,0x00000000ee800000)
 ParOldGen       total 679424K, used 679318K [0x00000000c0000000, 0x00000000e9780000, 0x00000000eab00000)
  object space 679424K, 99% used [0x00000000c0000000,0x00000000e9765868,0x00000000e9780000)
 Metaspace       used 78609K, committed 80256K, reserved 1179648K
  class space    used 7935K, committed 8640K, reserved 1048576K
GC Heap History (20 events):
Event: 40.482 GC heap before
{Heap before GC invocations=694 (full 4):
 PSYoungGen      total 60928K, used 60862K [0x00000000eab00000, 0x00000000eea80000, 0x0000000100000000)
  eden space 57856K, 100% used [0x00000000eab00000,0x00000000ee380000,0x00000000ee380000)
  from space 3072K, 97% used [0x00000000ee500000,0x00000000ee7ef988,0x00000000ee800000)
  to   space 2560K, 0% used [0x00000000ee800000,0x00000000ee800000,0x00000000eea80000)
 ParOldGen       total 651264K, used 650977K [0x00000000c0000000, 0x00000000e7c00000, 0x00000000eab00000)
  object space 651264K, 99% used [0x00000000c0000000,0x00000000e7bb8708,0x00000000e7c00000)
 Metaspace       used 71771K, committed 73344K, reserved 1179648K
  class space    used 7347K, committed 7936K, reserved 1048576K
}
Event: 40.487 GC heap after
{Heap after GC invocations=694 (full 4):
 PSYoungGen      total 60416K, used 2549K [0x00000000eab00000, 0x00000000eeb80000, 0x0000000100000000)
  eden space 57856K, 0% used [0x00000000eab00000,0x00000000eab00000,0x00000000ee380000)
  from space 2560K, 99% used [0x00000000ee800000,0x00000000eea7d588,0x00000000eea80000)
  to   space 4096K, 0% used [0x00000000ee380000,0x00000000ee380000,0x00000000ee780000)
 ParOldGen       total 652288K, used 651993K [0x00000000c0000000, 0x00000000e7d00000, 0x00000000eab00000)
  object space 652288K, 99% used [0x00000000c0000000,0x00000000e7cb6708,0x00000000e7d00000)
 Metaspace       used 71771K, committed 73344K, reserved 1179648K
  class space    used 7347K, committed 7936K, reserved 1048576K
}
Event: 40.653 GC heap before
{Heap before GC invocations=695 (full 4):
 PSYoungGen      total 60416K, used 60405K [0x00000000eab00000, 0x00000000eeb80000, 0x0000000100000000)
  eden space 57856K, 100% used [0x00000000eab00000,0x00000000ee380000,0x00000000ee380000)
  from space 2560K, 99% used [0x00000000ee800000,0x00000000eea7d588,0x00000000eea80000)
  to   space 4096K, 0% used [0x00000000ee380000,0x00000000ee380000,0x00000000ee780000)
 ParOldGen       total 652288K, used 651995K [0x00000000c0000000, 0x00000000e7d00000, 0x00000000eab00000)
  object space 652288K, 99% used [0x00000000c0000000,0x00000000e7cb6ea8,0x00000000e7d00000)
 Metaspace       used 71907K, committed 73472K, reserved 1179648K
  class space    used 7368K, committed 7936K, reserved 1048576K
}
Event: 40.659 GC heap after
{Heap after GC invocations=695 (full 4):
 PSYoungGen      total 59904K, used 3448K [0x00000000eab00000, 0x00000000ee900000, 0x0000000100000000)
  eden space 56320K, 0% used [0x00000000eab00000,0x00000000eab00000,0x00000000ee200000)
  from space 3584K, 96% used [0x00000000ee380000,0x00000000ee6de008,0x00000000ee700000)
  to   space 2048K, 0% used [0x00000000ee700000,0x00000000ee700000,0x00000000ee900000)
 ParOldGen       total 652800K, used 652533K [0x00000000c0000000, 0x00000000e7d80000, 0x00000000eab00000)
  object space 652800K, 99% used [0x00000000c0000000,0x00000000e7d3d6c8,0x00000000e7d80000)
 Metaspace       used 71907K, committed 73472K, reserved 1179648K
  class space    used 7368K, committed 7936K, reserved 1048576K
}
Event: 41.355 GC heap before
{Heap before GC invocations=696 (full 4):
 PSYoungGen      total 59904K, used 59768K [0x00000000eab00000, 0x00000000ee900000, 0x0000000100000000)
  eden space 56320K, 100% used [0x00000000eab00000,0x00000000ee200000,0x00000000ee200000)
  from space 3584K, 96% used [0x00000000ee380000,0x00000000ee6de008,0x00000000ee700000)
  to   space 2048K, 0% used [0x00000000ee700000,0x00000000ee700000,0x00000000ee900000)
 ParOldGen       total 652800K, used 652533K [0x00000000c0000000, 0x00000000e7d80000, 0x00000000eab00000)
  object space 652800K, 99% used [0x00000000c0000000,0x00000000e7d3d6c8,0x00000000e7d80000)
 Metaspace       used 73911K, committed 75456K, reserved 1179648K
  class space    used 7518K, committed 8128K, reserved 1048576K
}
Event: 41.363 GC heap after
{Heap after GC invocations=696 (full 4):
 PSYoungGen      total 56320K, used 2040K [0x00000000eab00000, 0x00000000eee80000, 0x0000000100000000)
  eden space 54272K, 0% used [0x00000000eab00000,0x00000000eab00000,0x00000000ee000000)
  from space 2048K, 99% used [0x00000000ee700000,0x00000000ee8fe208,0x00000000ee900000)
  to   space 7168K, 0% used [0x00000000ee000000,0x00000000ee000000,0x00000000ee700000)
 ParOldGen       total 657408K, used 656997K [0x00000000c0000000, 0x00000000e8200000, 0x00000000eab00000)
  object space 657408K, 99% used [0x00000000c0000000,0x00000000e8199618,0x00000000e8200000)
 Metaspace       used 73911K, committed 75456K, reserved 1179648K
  class space    used 7518K, committed 8128K, reserved 1048576K
}
Event: 66.613 GC heap before
{Heap before GC invocations=697 (full 4):
 PSYoungGen      total 56320K, used 56312K [0x00000000eab00000, 0x00000000eee80000, 0x0000000100000000)
  eden space 54272K, 100% used [0x00000000eab00000,0x00000000ee000000,0x00000000ee000000)
  from space 2048K, 99% used [0x00000000ee700000,0x00000000ee8fe208,0x00000000ee900000)
  to   space 7168K, 0% used [0x00000000ee000000,0x00000000ee000000,0x00000000ee700000)
 ParOldGen       total 657408K, used 656997K [0x00000000c0000000, 0x00000000e8200000, 0x00000000eab00000)
  object space 657408K, 99% used [0x00000000c0000000,0x00000000e8199618,0x00000000e8200000)
 Metaspace       used 75833K, committed 77376K, reserved 1179648K
  class space    used 7707K, committed 8320K, reserved 1048576K
}
Event: 66.623 GC heap after
{Heap after GC invocations=697 (full 4):
 PSYoungGen      total 59904K, used 7158K [0x00000000eab00000, 0x00000000efd80000, 0x0000000100000000)
  eden space 52736K, 0% used [0x00000000eab00000,0x00000000eab00000,0x00000000ede80000)
  from space 7168K, 99% used [0x00000000ee000000,0x00000000ee6fdbb8,0x00000000ee700000)
  to   space 15872K, 0% used [0x00000000eee00000,0x00000000eee00000,0x00000000efd80000)
 ParOldGen       total 664064K, used 664046K [0x00000000c0000000, 0x00000000e8880000, 0x00000000eab00000)
  object space 664064K, 99% used [0x00000000c0000000,0x00000000e887ba88,0x00000000e8880000)
 Metaspace       used 75833K, committed 77376K, reserved 1179648K
  class space    used 7707K, committed 8320K, reserved 1048576K
}
Event: 102.460 GC heap before
{Heap before GC invocations=698 (full 4):
 PSYoungGen      total 59904K, used 59894K [0x00000000eab00000, 0x00000000efd80000, 0x0000000100000000)
  eden space 52736K, 100% used [0x00000000eab00000,0x00000000ede80000,0x00000000ede80000)
  from space 7168K, 99% used [0x00000000ee000000,0x00000000ee6fdbb8,0x00000000ee700000)
  to   space 15872K, 0% used [0x00000000eee00000,0x00000000eee00000,0x00000000efd80000)
 ParOldGen       total 664064K, used 664046K [0x00000000c0000000, 0x00000000e8880000, 0x00000000eab00000)
  object space 664064K, 99% used [0x00000000c0000000,0x00000000e887ba88,0x00000000e8880000)
 Metaspace       used 77333K, committed 78976K, reserved 1179648K
  class space    used 7874K, committed 8576K, reserved 1048576K
}
Event: 102.474 GC heap after
{Heap after GC invocations=698 (full 4):
 PSYoungGen      total 66048K, used 15866K [0x00000000eab00000, 0x00000000f0100000, 0x0000000100000000)
  eden space 50176K, 0% used [0x00000000eab00000,0x00000000eab00000,0x00000000edc00000)
  from space 15872K, 99% used [0x00000000eee00000,0x00000000efd7e9f0,0x00000000efd80000)
  to   space 18432K, 0% used [0x00000000edc00000,0x00000000edc00000,0x00000000eee00000)
 ParOldGen       total 665600K, used 665310K [0x00000000c0000000, 0x00000000e8a00000, 0x00000000eab00000)
  object space 665600K, 99% used [0x00000000c0000000,0x00000000e89b7a88,0x00000000e8a00000)
 Metaspace       used 77333K, committed 78976K, reserved 1179648K
  class space    used 7874K, committed 8576K, reserved 1048576K
}
Event: 102.705 GC heap before
{Heap before GC invocations=699 (full 4):
 PSYoungGen      total 66048K, used 60416K [0x00000000eab00000, 0x00000000f0100000, 0x0000000100000000)
  eden space 50176K, 88% used [0x00000000eab00000,0x00000000ed6818f8,0x00000000edc00000)
  from space 15872K, 99% used [0x00000000eee00000,0x00000000efd7e9f0,0x00000000efd80000)
  to   space 18432K, 0% used [0x00000000edc00000,0x00000000edc00000,0x00000000eee00000)
 ParOldGen       total 665600K, used 665310K [0x00000000c0000000, 0x00000000e8a00000, 0x00000000eab00000)
  object space 665600K, 99% used [0x00000000c0000000,0x00000000e89b7a88,0x00000000e8a00000)
 Metaspace       used 77615K, committed 79168K, reserved 1179648K
  class space    used 7900K, committed 8576K, reserved 1048576K
}
Event: 102.716 GC heap after
{Heap after GC invocations=699 (full 4):
 PSYoungGen      total 65536K, used 15888K [0x00000000eab00000, 0x00000000efb00000, 0x0000000100000000)
  eden space 49152K, 0% used [0x00000000eab00000,0x00000000eab00000,0x00000000edb00000)
  from space 16384K, 96% used [0x00000000edc00000,0x00000000eeb84070,0x00000000eec00000)
  to   space 15360K, 0% used [0x00000000eec00000,0x00000000eec00000,0x00000000efb00000)
 ParOldGen       total 666112K, used 666017K [0x00000000c0000000, 0x00000000e8a80000, 0x00000000eab00000)
  object space 666112K, 99% used [0x00000000c0000000,0x00000000e8a685c0,0x00000000e8a80000)
 Metaspace       used 77615K, committed 79168K, reserved 1179648K
  class space    used 7900K, committed 8576K, reserved 1048576K
}
Event: 104.777 GC heap before
{Heap before GC invocations=700 (full 4):
 PSYoungGen      total 65536K, used 65040K [0x00000000eab00000, 0x00000000efb00000, 0x0000000100000000)
  eden space 49152K, 100% used [0x00000000eab00000,0x00000000edb00000,0x00000000edb00000)
  from space 16384K, 96% used [0x00000000edc00000,0x00000000eeb84070,0x00000000eec00000)
  to   space 15360K, 0% used [0x00000000eec00000,0x00000000eec00000,0x00000000efb00000)
 ParOldGen       total 666112K, used 666017K [0x00000000c0000000, 0x00000000e8a80000, 0x00000000eab00000)
  object space 666112K, 99% used [0x00000000c0000000,0x00000000e8a685c0,0x00000000e8a80000)
 Metaspace       used 77743K, committed 79360K, reserved 1179648K
  class space    used 7901K, committed 8576K, reserved 1048576K
}
Event: 104.787 GC heap after
{Heap after GC invocations=700 (full 4):
 PSYoungGen      total 63488K, used 15354K [0x00000000eab00000, 0x00000000efb00000, 0x0000000100000000)
  eden space 48128K, 0% used [0x00000000eab00000,0x00000000eab00000,0x00000000eda00000)
  from space 15360K, 99% used [0x00000000eec00000,0x00000000efafe960,0x00000000efb00000)
  to   space 15872K, 0% used [0x00000000edc00000,0x00000000edc00000,0x00000000eeb80000)
 ParOldGen       total 666112K, used 666049K [0x00000000c0000000, 0x00000000e8a80000, 0x00000000eab00000)
  object space 666112K, 99% used [0x00000000c0000000,0x00000000e8a705c0,0x00000000e8a80000)
 Metaspace       used 77743K, committed 79360K, reserved 1179648K
  class space    used 7901K, committed 8576K, reserved 1048576K
}
Event: 216.432 GC heap before
{Heap before GC invocations=701 (full 4):
 PSYoungGen      total 63488K, used 63482K [0x00000000eab00000, 0x00000000efb00000, 0x0000000100000000)
  eden space 48128K, 100% used [0x00000000eab00000,0x00000000eda00000,0x00000000eda00000)
  from space 15360K, 99% used [0x00000000eec00000,0x00000000efafe960,0x00000000efb00000)
  to   space 15872K, 0% used [0x00000000edc00000,0x00000000edc00000,0x00000000eeb80000)
 ParOldGen       total 666112K, used 666049K [0x00000000c0000000, 0x00000000e8a80000, 0x00000000eab00000)
  object space 666112K, 99% used [0x00000000c0000000,0x00000000e8a705c0,0x00000000e8a80000)
 Metaspace       used 78090K, committed 79680K, reserved 1179648K
  class space    used 7903K, committed 8576K, reserved 1048576K
}
Event: 216.501 GC heap after
{Heap after GC invocations=701 (full 4):
 PSYoungGen      total 58880K, used 11547K [0x00000000eab00000, 0x00000000ef300000, 0x0000000100000000)
  eden space 47104K, 0% used [0x00000000eab00000,0x00000000eab00000,0x00000000ed900000)
  from space 11776K, 98% used [0x00000000edc00000,0x00000000ee746ee0,0x00000000ee780000)
  to   space 11776K, 0% used [0x00000000ee780000,0x00000000ee780000,0x00000000ef300000)
 ParOldGen       total 670720K, used 670480K [0x00000000c0000000, 0x00000000e8f00000, 0x00000000eab00000)
  object space 670720K, 99% used [0x00000000c0000000,0x00000000e8ec4168,0x00000000e8f00000)
 Metaspace       used 78090K, committed 79680K, reserved 1179648K
  class space    used 7903K, committed 8576K, reserved 1048576K
}
Event: 216.728 GC heap before
{Heap before GC invocations=702 (full 4):
 PSYoungGen      total 58880K, used 58651K [0x00000000eab00000, 0x00000000ef300000, 0x0000000100000000)
  eden space 47104K, 100% used [0x00000000eab00000,0x00000000ed900000,0x00000000ed900000)
  from space 11776K, 98% used [0x00000000edc00000,0x00000000ee746ee0,0x00000000ee780000)
  to   space 11776K, 0% used [0x00000000ee780000,0x00000000ee780000,0x00000000ef300000)
 ParOldGen       total 670720K, used 670480K [0x00000000c0000000, 0x00000000e8f00000, 0x00000000eab00000)
  object space 670720K, 99% used [0x00000000c0000000,0x00000000e8ec4168,0x00000000e8f00000)
 Metaspace       used 78136K, committed 79680K, reserved 1179648K
  class space    used 7904K, committed 8576K, reserved 1048576K
}
Event: 216.739 GC heap after
{Heap after GC invocations=702 (full 4):
 PSYoungGen      total 57856K, used 11764K [0x00000000eab00000, 0x00000000ef700000, 0x0000000100000000)
  eden space 46080K, 0% used [0x00000000eab00000,0x00000000eab00000,0x00000000ed800000)
  from space 11776K, 99% used [0x00000000ee780000,0x00000000ef2fd1e8,0x00000000ef300000)
  to   space 15872K, 0% used [0x00000000ed800000,0x00000000ed800000,0x00000000ee780000)
 ParOldGen       total 673792K, used 673608K [0x00000000c0000000, 0x00000000e9200000, 0x00000000eab00000)
  object space 673792K, 99% used [0x00000000c0000000,0x00000000e91d2168,0x00000000e9200000)
 Metaspace       used 78136K, committed 79680K, reserved 1179648K
  class space    used 7904K, committed 8576K, reserved 1048576K
}
Event: 217.043 GC heap before
{Heap before GC invocations=703 (full 4):
 PSYoungGen      total 57856K, used 57844K [0x00000000eab00000, 0x00000000ef700000, 0x0000000100000000)
  eden space 46080K, 100% used [0x00000000eab00000,0x00000000ed800000,0x00000000ed800000)
  from space 11776K, 99% used [0x00000000ee780000,0x00000000ef2fd1e8,0x00000000ef300000)
  to   space 15872K, 0% used [0x00000000ed800000,0x00000000ed800000,0x00000000ee780000)
 ParOldGen       total 673792K, used 673608K [0x00000000c0000000, 0x00000000e9200000, 0x00000000eab00000)
  object space 673792K, 99% used [0x00000000c0000000,0x00000000e91d2168,0x00000000e9200000)
 Metaspace       used 78231K, committed 79808K, reserved 1179648K
  class space    used 7904K, committed 8576K, reserved 1048576K
}
Event: 217.053 GC heap after
{Heap after GC invocations=703 (full 4):
 PSYoungGen      total 47104K, used 1924K [0x00000000eab00000, 0x00000000ee800000, 0x0000000100000000)
  eden space 45056K, 0% used [0x00000000eab00000,0x00000000eab00000,0x00000000ed700000)
  from space 2048K, 93% used [0x00000000ed800000,0x00000000ed9e1250,0x00000000eda00000)
  to   space 7168K, 0% used [0x00000000ee100000,0x00000000ee100000,0x00000000ee800000)
 ParOldGen       total 679424K, used 679318K [0x00000000c0000000, 0x00000000e9780000, 0x00000000eab00000)
  object space 679424K, 99% used [0x00000000c0000000,0x00000000e9765868,0x00000000e9780000)
 Metaspace       used 78231K, committed 79808K, reserved 1179648K
  class space    used 7904K, committed 8576K, reserved 1048576K
}

